2024-11-14T00:22:58.655Z	DEBUG	Successfully created the logger.
2024-11-14T00:22:58.655Z	DEBUG	Logging level set to: debug
2024-11-14T00:22:58.655Z	INFO	Unable to read vcs.revision from binary
2024-11-14T00:23:01.645Z	DEBUG	controller	Registering 2 clients
2024-11-14T00:23:01.646Z	DEBUG	controller	Registering 1 informer factories
2024-11-14T00:23:01.646Z	DEBUG	controller	Registering 0 informers
2024-11-14T00:23:01.646Z	DEBUG	controller	Registering 0 controllers
2024-11-14T00:23:01.646Z	INFO	controller	Starting server	{"path": "/metrics", "kind": "metrics", "addr": "[::]:8000"}
2024-11-14T00:23:01.646Z	INFO	controller	Starting server	{"kind": "health probe", "addr": "[::]:8081"}
2024-11-14T00:23:01.652Z	DEBUG	Successfully created the logger.
2024-11-14T00:23:01.652Z	DEBUG	Logging level set to: debug
2024-11-14T00:23:01.652Z	INFO	Unable to read vcs.revision from binary
2024-11-14T00:23:01.662Z	INFO	webhook	Profiling enabled: false
2024-11-14T00:23:01.674Z	DEBUG	webhook	Flushing the existing exporter before setting up the new exporter.
2024-11-14T00:23:01.675Z	DEBUG	webhook	Created Prometheus exporter with config: &{ webhook prometheus 5000000000 <nil>  false 9090 0.0.0.0}. Start the server for Prometheus exporter.
2024-11-14T00:23:01.675Z	DEBUG	webhook	Successfully updated the metrics exporter; old config: <nil>; new config &{ webhook prometheus 5000000000 <nil>  false 9090 0.0.0.0}
2024-11-14T00:23:01.682Z	INFO	webhook	Starting configuration manager...
2024-11-14T00:23:01.747Z	INFO	controller.machine.garbagecollection	starting controller
2024-11-14T00:23:01.748Z	INFO	controller	Starting EventSource	{"controller": "termination", "controllerGroup": "", "controllerKind": "Node", "source": "kind source: *v1.Node"}
2024-11-14T00:23:01.748Z	INFO	controller	Starting Controller	{"controller": "termination", "controllerGroup": "", "controllerKind": "Node"}
2024-11-14T00:23:01.748Z	INFO	controller	Starting EventSource	{"controller": "machine.disruption", "controllerGroup": "karpenter.sh", "controllerKind": "Machine", "source": "kind source: *v1alpha5.Machine"}
2024-11-14T00:23:01.748Z	INFO	controller	Starting EventSource	{"controller": "machine.disruption", "controllerGroup": "karpenter.sh", "controllerKind": "Machine", "source": "kind source: *v1.Node"}
2024-11-14T00:23:01.748Z	INFO	controller	Starting EventSource	{"controller": "machine.disruption", "controllerGroup": "karpenter.sh", "controllerKind": "Machine", "source": "kind source: *v1.Pod"}
2024-11-14T00:23:01.748Z	INFO	controller	Starting Controller	{"controller": "machine.disruption", "controllerGroup": "karpenter.sh", "controllerKind": "Machine"}
2024-11-14T00:23:01.748Z	INFO	controller	Starting EventSource	{"controller": "machine.lifecycle", "controllerGroup": "karpenter.sh", "controllerKind": "Machine", "source": "kind source: *v1alpha5.Machine"}
2024-11-14T00:23:01.748Z	INFO	controller	Starting EventSource	{"controller": "machine.lifecycle", "controllerGroup": "karpenter.sh", "controllerKind": "Machine", "source": "kind source: *v1.Node"}
2024-11-14T00:23:01.748Z	INFO	controller	Starting Controller	{"controller": "machine.lifecycle", "controllerGroup": "karpenter.sh", "controllerKind": "Machine"}
2024-11-14T00:23:01.749Z	INFO	controller	Starting workers	{"controller": "machine.lifecycle", "controllerGroup": "karpenter.sh", "controllerKind": "Machine", "worker count": 1000}
2024-11-14T00:23:01.749Z	INFO	controller	Starting EventSource	{"controller": "consistency", "controllerGroup": "karpenter.sh", "controllerKind": "Machine", "source": "kind source: *v1alpha5.Machine"}
2024-11-14T00:23:01.749Z	INFO	controller	Starting EventSource	{"controller": "consistency", "controllerGroup": "karpenter.sh", "controllerKind": "Machine", "source": "kind source: *v1.Node"}
2024-11-14T00:23:01.749Z	INFO	controller	Starting Controller	{"controller": "consistency", "controllerGroup": "karpenter.sh", "controllerKind": "Machine"}
2024-11-14T00:23:01.749Z	INFO	controller	Starting workers	{"controller": "machine.disruption", "controllerGroup": "karpenter.sh", "controllerKind": "Machine", "worker count": 10}
2024-11-14T00:23:01.750Z	INFO	controller	Starting EventSource	{"controller": "machine.termination", "controllerGroup": "karpenter.sh", "controllerKind": "Machine", "source": "kind source: *v1alpha5.Machine"}
2024-11-14T00:23:01.750Z	INFO	controller	Starting EventSource	{"controller": "machine.termination", "controllerGroup": "karpenter.sh", "controllerKind": "Machine", "source": "kind source: *v1.Node"}
2024-11-14T00:23:01.750Z	INFO	controller	Starting Controller	{"controller": "machine.termination", "controllerGroup": "karpenter.sh", "controllerKind": "Machine"}
2024-11-14T00:23:01.750Z	INFO	controller	Starting workers	{"controller": "consistency", "controllerGroup": "karpenter.sh", "controllerKind": "Machine", "worker count": 10}
2024-11-14T00:23:01.750Z	INFO	controller	Starting workers	{"controller": "machine.termination", "controllerGroup": "karpenter.sh", "controllerKind": "Machine", "worker count": 100}
2024-11-14T00:23:01.749Z	INFO	controller	Starting workers	{"controller": "termination", "controllerGroup": "", "controllerKind": "Node", "worker count": 100}
2024-11-14T00:23:01.752Z	INFO	controller	Create	{"machine": {"name":"wsd27a2b1c8"}}
2024-11-14T00:23:01.752Z	INFO	controller	Instance.Create	{"machine": {"name":"wsd27a2b1c8"}}
2024-11-14T00:23:01.752Z	DEBUG	controller.machine.lifecycle	creating Agent pool wsd27a2b1c8 (Standard_NC6s_v3)	{"machine": "wsd27a2b1c8", "provisioner": "default"}
2024-11-14T00:23:01.752Z	INFO	controller	createAgentPool	{"agentpool": "wsd27a2b1c8"}
2024-11-14T00:23:01.782Z	INFO	controller	Starting informers...
2024-11-14T00:23:01.783Z	INFO	webhook	Starting controllers...
2024-11-14T00:23:02.992Z	INFO	controller.pricing	updated on-demand pricing for region eastus	{"instance-type-count": 1245}
2024-11-14T00:23:06.469Z	ERROR	controller	Reconciler error	{"controller": "machine.lifecycle", "controllerGroup": "karpenter.sh", "controllerKind": "Machine", "Machine": {"name":"wsd27a2b1c8"}, "namespace": "", "name": "wsd27a2b1c8", "reconcileID": "87637979-c3cd-43a8-9f1e-afc6f9cd8992", "error": "creating machine, creating instance, agentPool.BeginCreateOrUpdate for \"wsd27a2b1c8\" failed: PUT https://management.azure.com/subscriptions/ff05f55d-22b5-44a7-b704-f9a8efd493ed/resourceGroups/qzhuang-dev/providers/Microsoft.ContainerService/managedClusters/qzhuang-kaito/agentPools/wsd27a2b1c8\n--------------------------------------------------------------------------------\nRESPONSE 409: 409 Conflict\nERROR CODE: OperationNotAllowed\n--------------------------------------------------------------------------------\n{\n  \"code\": \"OperationNotAllowed\",\n  \"details\": null,\n  \"message\": \"Operation is not allowed because there's an in progress create node pool operation (operation ID: 364532fa-8d9f-420f-870e-c9900365b0ef) on the agent pool wsd27a2b1c8 started on UTC 2024-11-14T00:22:53Z. Please wait for it to finish before starting a new operation. You can also use 'az aks nodepool operation-abort ...' to abort the ongoing operation.\",\n  \"subcode\": \"\"\n}\n--------------------------------------------------------------------------------\n"}
2024-11-14T00:23:07.470Z	INFO	controller	Create	{"machine": {"name":"wsd27a2b1c8"}}
2024-11-14T00:23:07.470Z	INFO	controller	Instance.Create	{"machine": {"name":"wsd27a2b1c8"}}
2024-11-14T00:23:07.470Z	DEBUG	controller.machine.lifecycle	creating Agent pool wsd27a2b1c8 (Standard_NC6s_v3)	{"machine": "wsd27a2b1c8", "provisioner": "default"}
2024-11-14T00:23:07.470Z	INFO	controller	createAgentPool	{"agentpool": "wsd27a2b1c8"}
2024-11-14T00:23:07.833Z	ERROR	controller	Reconciler error	{"controller": "machine.lifecycle", "controllerGroup": "karpenter.sh", "controllerKind": "Machine", "Machine": {"name":"wsd27a2b1c8"}, "namespace": "", "name": "wsd27a2b1c8", "reconcileID": "daab7b6c-0eec-4e84-8a10-11f1f5c1a3b3", "error": "creating machine, creating instance, agentPool.BeginCreateOrUpdate for \"wsd27a2b1c8\" failed: PUT https://management.azure.com/subscriptions/ff05f55d-22b5-44a7-b704-f9a8efd493ed/resourceGroups/qzhuang-dev/providers/Microsoft.ContainerService/managedClusters/qzhuang-kaito/agentPools/wsd27a2b1c8\n--------------------------------------------------------------------------------\nRESPONSE 409: 409 Conflict\nERROR CODE: OperationNotAllowed\n--------------------------------------------------------------------------------\n{\n  \"code\": \"OperationNotAllowed\",\n  \"details\": null,\n  \"message\": \"Operation is not allowed because there's an in progress create node pool operation (operation ID: 364532fa-8d9f-420f-870e-c9900365b0ef) on the agent pool wsd27a2b1c8 started on UTC 2024-11-14T00:22:53Z. Please wait for it to finish before starting a new operation. You can also use 'az aks nodepool operation-abort ...' to abort the ongoing operation.\",\n  \"subcode\": \"\"\n}\n--------------------------------------------------------------------------------\n"}
2024-11-14T00:23:09.833Z	INFO	controller	Create	{"machine": {"name":"wsd27a2b1c8"}}
2024-11-14T00:23:09.833Z	INFO	controller	Instance.Create	{"machine": {"name":"wsd27a2b1c8"}}
2024-11-14T00:23:09.833Z	DEBUG	controller.machine.lifecycle	creating Agent pool wsd27a2b1c8 (Standard_NC6s_v3)	{"machine": "wsd27a2b1c8", "provisioner": "default"}
2024-11-14T00:23:09.833Z	INFO	controller	createAgentPool	{"agentpool": "wsd27a2b1c8"}
2024-11-14T00:23:10.566Z	ERROR	controller	Reconciler error	{"controller": "machine.lifecycle", "controllerGroup": "karpenter.sh", "controllerKind": "Machine", "Machine": {"name":"wsd27a2b1c8"}, "namespace": "", "name": "wsd27a2b1c8", "reconcileID": "88943335-49e0-42f0-8b5e-c018176d9831", "error": "creating machine, creating instance, agentPool.BeginCreateOrUpdate for \"wsd27a2b1c8\" failed: PUT https://management.azure.com/subscriptions/ff05f55d-22b5-44a7-b704-f9a8efd493ed/resourceGroups/qzhuang-dev/providers/Microsoft.ContainerService/managedClusters/qzhuang-kaito/agentPools/wsd27a2b1c8\n--------------------------------------------------------------------------------\nRESPONSE 409: 409 Conflict\nERROR CODE: OperationNotAllowed\n--------------------------------------------------------------------------------\n{\n  \"code\": \"OperationNotAllowed\",\n  \"details\": null,\n  \"message\": \"Operation is not allowed because there's an in progress create node pool operation (operation ID: 364532fa-8d9f-420f-870e-c9900365b0ef) on the agent pool wsd27a2b1c8 started on UTC 2024-11-14T00:22:53Z. Please wait for it to finish before starting a new operation. You can also use 'az aks nodepool operation-abort ...' to abort the ongoing operation.\",\n  \"subcode\": \"\"\n}\n--------------------------------------------------------------------------------\n"}
2024-11-14T00:23:14.567Z	INFO	controller	Create	{"machine": {"name":"wsd27a2b1c8"}}
2024-11-14T00:23:14.567Z	INFO	controller	Instance.Create	{"machine": {"name":"wsd27a2b1c8"}}
2024-11-14T00:23:14.567Z	DEBUG	controller.machine.lifecycle	creating Agent pool wsd27a2b1c8 (Standard_NC6s_v3)	{"machine": "wsd27a2b1c8", "provisioner": "default"}
2024-11-14T00:23:14.567Z	INFO	controller	createAgentPool	{"agentpool": "wsd27a2b1c8"}
2024-11-14T00:23:14.752Z	ERROR	controller	Reconciler error	{"controller": "machine.lifecycle", "controllerGroup": "karpenter.sh", "controllerKind": "Machine", "Machine": {"name":"wsd27a2b1c8"}, "namespace": "", "name": "wsd27a2b1c8", "reconcileID": "e2cc836f-6a30-4696-91a5-b9f32325bef2", "error": "creating machine, creating instance, agentPool.BeginCreateOrUpdate for \"wsd27a2b1c8\" failed: PUT https://management.azure.com/subscriptions/ff05f55d-22b5-44a7-b704-f9a8efd493ed/resourceGroups/qzhuang-dev/providers/Microsoft.ContainerService/managedClusters/qzhuang-kaito/agentPools/wsd27a2b1c8\n--------------------------------------------------------------------------------\nRESPONSE 409: 409 Conflict\nERROR CODE: OperationNotAllowed\n--------------------------------------------------------------------------------\n{\n  \"code\": \"OperationNotAllowed\",\n  \"details\": null,\n  \"message\": \"Operation is not allowed because there's an in progress create node pool operation (operation ID: 364532fa-8d9f-420f-870e-c9900365b0ef) on the agent pool wsd27a2b1c8 started on UTC 2024-11-14T00:22:53Z. Please wait for it to finish before starting a new operation. You can also use 'az aks nodepool operation-abort ...' to abort the ongoing operation.\",\n  \"subcode\": \"\"\n}\n--------------------------------------------------------------------------------\n"}
2024-11-14T00:23:22.753Z	INFO	controller	Create	{"machine": {"name":"wsd27a2b1c8"}}
2024-11-14T00:23:22.753Z	INFO	controller	Instance.Create	{"machine": {"name":"wsd27a2b1c8"}}
2024-11-14T00:23:22.753Z	DEBUG	controller.machine.lifecycle	creating Agent pool wsd27a2b1c8 (Standard_NC6s_v3)	{"machine": "wsd27a2b1c8", "provisioner": "default"}
2024-11-14T00:23:22.753Z	INFO	controller	createAgentPool	{"agentpool": "wsd27a2b1c8"}
2024-11-14T00:23:23.116Z	ERROR	controller	Reconciler error	{"controller": "machine.lifecycle", "controllerGroup": "karpenter.sh", "controllerKind": "Machine", "Machine": {"name":"wsd27a2b1c8"}, "namespace": "", "name": "wsd27a2b1c8", "reconcileID": "3e9a7c5d-6ac1-4bdf-9a4a-6cb31be66ba4", "error": "creating machine, creating instance, agentPool.BeginCreateOrUpdate for \"wsd27a2b1c8\" failed: PUT https://management.azure.com/subscriptions/ff05f55d-22b5-44a7-b704-f9a8efd493ed/resourceGroups/qzhuang-dev/providers/Microsoft.ContainerService/managedClusters/qzhuang-kaito/agentPools/wsd27a2b1c8\n--------------------------------------------------------------------------------\nRESPONSE 409: 409 Conflict\nERROR CODE: OperationNotAllowed\n--------------------------------------------------------------------------------\n{\n  \"code\": \"OperationNotAllowed\",\n  \"details\": null,\n  \"message\": \"Operation is not allowed because there's an in progress create node pool operation (operation ID: 364532fa-8d9f-420f-870e-c9900365b0ef) on the agent pool wsd27a2b1c8 started on UTC 2024-11-14T00:22:53Z. Please wait for it to finish before starting a new operation. You can also use 'az aks nodepool operation-abort ...' to abort the ongoing operation.\",\n  \"subcode\": \"\"\n}\n--------------------------------------------------------------------------------\n"}
2024-11-14T00:23:39.117Z	INFO	controller	Create	{"machine": {"name":"wsd27a2b1c8"}}
2024-11-14T00:23:39.117Z	INFO	controller	Instance.Create	{"machine": {"name":"wsd27a2b1c8"}}
2024-11-14T00:23:39.117Z	DEBUG	controller.machine.lifecycle	creating Agent pool wsd27a2b1c8 (Standard_NC6s_v3)	{"machine": "wsd27a2b1c8", "provisioner": "default"}
2024-11-14T00:23:39.117Z	INFO	controller	createAgentPool	{"agentpool": "wsd27a2b1c8"}
2024-11-14T00:23:39.629Z	ERROR	controller	Reconciler error	{"controller": "machine.lifecycle", "controllerGroup": "karpenter.sh", "controllerKind": "Machine", "Machine": {"name":"wsd27a2b1c8"}, "namespace": "", "name": "wsd27a2b1c8", "reconcileID": "7fef3617-d082-4edb-b188-9f3a1e8a3273", "error": "creating machine, creating instance, agentPool.BeginCreateOrUpdate for \"wsd27a2b1c8\" failed: PUT https://management.azure.com/subscriptions/ff05f55d-22b5-44a7-b704-f9a8efd493ed/resourceGroups/qzhuang-dev/providers/Microsoft.ContainerService/managedClusters/qzhuang-kaito/agentPools/wsd27a2b1c8\n--------------------------------------------------------------------------------\nRESPONSE 409: 409 Conflict\nERROR CODE: OperationNotAllowed\n--------------------------------------------------------------------------------\n{\n  \"code\": \"OperationNotAllowed\",\n  \"details\": null,\n  \"message\": \"Operation is not allowed because there's an in progress create node pool operation (operation ID: 364532fa-8d9f-420f-870e-c9900365b0ef) on the agent pool wsd27a2b1c8 started on UTC 2024-11-14T00:22:53Z. Please wait for it to finish before starting a new operation. You can also use 'az aks nodepool operation-abort ...' to abort the ongoing operation.\",\n  \"subcode\": \"\"\n}\n--------------------------------------------------------------------------------\n"}
2024-11-14T00:24:11.630Z	INFO	controller	Create	{"machine": {"name":"wsd27a2b1c8"}}
2024-11-14T00:24:11.630Z	INFO	controller	Instance.Create	{"machine": {"name":"wsd27a2b1c8"}}
2024-11-14T00:24:11.630Z	DEBUG	controller.machine.lifecycle	creating Agent pool wsd27a2b1c8 (Standard_NC6s_v3)	{"machine": "wsd27a2b1c8", "provisioner": "default"}
2024-11-14T00:24:11.630Z	INFO	controller	createAgentPool	{"agentpool": "wsd27a2b1c8"}
2024-11-14T00:24:11.982Z	ERROR	controller	Reconciler error	{"controller": "machine.lifecycle", "controllerGroup": "karpenter.sh", "controllerKind": "Machine", "Machine": {"name":"wsd27a2b1c8"}, "namespace": "", "name": "wsd27a2b1c8", "reconcileID": "38ab891f-8335-4f0f-90d6-e6747ab4d73e", "error": "creating machine, creating instance, agentPool.BeginCreateOrUpdate for \"wsd27a2b1c8\" failed: PUT https://management.azure.com/subscriptions/ff05f55d-22b5-44a7-b704-f9a8efd493ed/resourceGroups/qzhuang-dev/providers/Microsoft.ContainerService/managedClusters/qzhuang-kaito/agentPools/wsd27a2b1c8\n--------------------------------------------------------------------------------\nRESPONSE 409: 409 Conflict\nERROR CODE: OperationNotAllowed\n--------------------------------------------------------------------------------\n{\n  \"code\": \"OperationNotAllowed\",\n  \"details\": null,\n  \"message\": \"Operation is not allowed because there's an in progress create node pool operation (operation ID: 364532fa-8d9f-420f-870e-c9900365b0ef) on the agent pool wsd27a2b1c8 started on UTC 2024-11-14T00:22:53Z. Please wait for it to finish before starting a new operation. You can also use 'az aks nodepool operation-abort ...' to abort the ongoing operation.\",\n  \"subcode\": \"\"\n}\n--------------------------------------------------------------------------------\n"}
2024-11-14T00:25:11.983Z	INFO	controller	Create	{"machine": {"name":"wsd27a2b1c8"}}
2024-11-14T00:25:11.983Z	INFO	controller	Instance.Create	{"machine": {"name":"wsd27a2b1c8"}}
2024-11-14T00:25:11.983Z	DEBUG	controller.machine.lifecycle	creating Agent pool wsd27a2b1c8 (Standard_NC6s_v3)	{"machine": "wsd27a2b1c8", "provisioner": "default"}
2024-11-14T00:25:11.983Z	INFO	controller	createAgentPool	{"agentpool": "wsd27a2b1c8"}
2024-11-14T00:25:12.361Z	ERROR	controller	Reconciler error	{"controller": "machine.lifecycle", "controllerGroup": "karpenter.sh", "controllerKind": "Machine", "Machine": {"name":"wsd27a2b1c8"}, "namespace": "", "name": "wsd27a2b1c8", "reconcileID": "605e72f2-cc25-4b72-8fc2-7683f8085201", "error": "creating machine, creating instance, agentPool.BeginCreateOrUpdate for \"wsd27a2b1c8\" failed: PUT https://management.azure.com/subscriptions/ff05f55d-22b5-44a7-b704-f9a8efd493ed/resourceGroups/qzhuang-dev/providers/Microsoft.ContainerService/managedClusters/qzhuang-kaito/agentPools/wsd27a2b1c8\n--------------------------------------------------------------------------------\nRESPONSE 409: 409 Conflict\nERROR CODE: OperationNotAllowed\n--------------------------------------------------------------------------------\n{\n  \"code\": \"OperationNotAllowed\",\n  \"details\": null,\n  \"message\": \"Operation is not allowed because there's an in progress create node pool operation (operation ID: 364532fa-8d9f-420f-870e-c9900365b0ef) on the agent pool wsd27a2b1c8 started on UTC 2024-11-14T00:22:53Z. Please wait for it to finish before starting a new operation. You can also use 'az aks nodepool operation-abort ...' to abort the ongoing operation.\",\n  \"subcode\": \"\"\n}\n--------------------------------------------------------------------------------\n"}
2024-11-14T00:26:12.362Z	INFO	controller	Create	{"machine": {"name":"wsd27a2b1c8"}}
2024-11-14T00:26:12.362Z	INFO	controller	Instance.Create	{"machine": {"name":"wsd27a2b1c8"}}
2024-11-14T00:26:12.362Z	DEBUG	controller.machine.lifecycle	creating Agent pool wsd27a2b1c8 (Standard_NC6s_v3)	{"machine": "wsd27a2b1c8", "provisioner": "default"}
2024-11-14T00:26:12.362Z	INFO	controller	createAgentPool	{"agentpool": "wsd27a2b1c8"}
2024-11-14T00:26:12.558Z	ERROR	controller	Reconciler error	{"controller": "machine.lifecycle", "controllerGroup": "karpenter.sh", "controllerKind": "Machine", "Machine": {"name":"wsd27a2b1c8"}, "namespace": "", "name": "wsd27a2b1c8", "reconcileID": "b52bae8d-6f8c-4a04-a7b3-11b92ff8d635", "error": "creating machine, creating instance, agentPool.BeginCreateOrUpdate for \"wsd27a2b1c8\" failed: PUT https://management.azure.com/subscriptions/ff05f55d-22b5-44a7-b704-f9a8efd493ed/resourceGroups/qzhuang-dev/providers/Microsoft.ContainerService/managedClusters/qzhuang-kaito/agentPools/wsd27a2b1c8\n--------------------------------------------------------------------------------\nRESPONSE 409: 409 Conflict\nERROR CODE: OperationNotAllowed\n--------------------------------------------------------------------------------\n{\n  \"code\": \"OperationNotAllowed\",\n  \"details\": null,\n  \"message\": \"Operation is not allowed because there's an in progress create node pool operation (operation ID: 364532fa-8d9f-420f-870e-c9900365b0ef) on the agent pool wsd27a2b1c8 started on UTC 2024-11-14T00:22:53Z. Please wait for it to finish before starting a new operation. You can also use 'az aks nodepool operation-abort ...' to abort the ongoing operation.\",\n  \"subcode\": \"\"\n}\n--------------------------------------------------------------------------------\n"}
2024-11-14T00:27:12.559Z	INFO	controller	Create	{"machine": {"name":"wsd27a2b1c8"}}
2024-11-14T00:27:12.559Z	INFO	controller	Instance.Create	{"machine": {"name":"wsd27a2b1c8"}}
2024-11-14T00:27:12.559Z	DEBUG	controller.machine.lifecycle	creating Agent pool wsd27a2b1c8 (Standard_NC6s_v3)	{"machine": "wsd27a2b1c8", "provisioner": "default"}
2024-11-14T00:27:12.559Z	INFO	controller	createAgentPool	{"agentpool": "wsd27a2b1c8"}
2024-11-14T00:27:12.853Z	ERROR	controller	Reconciler error	{"controller": "machine.lifecycle", "controllerGroup": "karpenter.sh", "controllerKind": "Machine", "Machine": {"name":"wsd27a2b1c8"}, "namespace": "", "name": "wsd27a2b1c8", "reconcileID": "d4a41fa1-2ad3-4a17-a83e-e25059f1fff2", "error": "creating machine, creating instance, agentPool.BeginCreateOrUpdate for \"wsd27a2b1c8\" failed: PUT https://management.azure.com/subscriptions/ff05f55d-22b5-44a7-b704-f9a8efd493ed/resourceGroups/qzhuang-dev/providers/Microsoft.ContainerService/managedClusters/qzhuang-kaito/agentPools/wsd27a2b1c8\n--------------------------------------------------------------------------------\nRESPONSE 409: 409 Conflict\nERROR CODE: OperationNotAllowed\n--------------------------------------------------------------------------------\n{\n  \"code\": \"OperationNotAllowed\",\n  \"details\": null,\n  \"message\": \"Operation is not allowed because there's an in progress create node pool operation (operation ID: 364532fa-8d9f-420f-870e-c9900365b0ef) on the agent pool wsd27a2b1c8 started on UTC 2024-11-14T00:22:53Z. Please wait for it to finish before starting a new operation. You can also use 'az aks nodepool operation-abort ...' to abort the ongoing operation.\",\n  \"subcode\": \"\"\n}\n--------------------------------------------------------------------------------\n"}
2024-11-14T00:28:12.853Z	INFO	controller	Create	{"machine": {"name":"wsd27a2b1c8"}}
2024-11-14T00:28:12.853Z	INFO	controller	Instance.Create	{"machine": {"name":"wsd27a2b1c8"}}
2024-11-14T00:28:12.853Z	DEBUG	controller.machine.lifecycle	creating Agent pool wsd27a2b1c8 (Standard_NC6s_v3)	{"machine": "wsd27a2b1c8", "provisioner": "default"}
2024-11-14T00:28:12.853Z	INFO	controller	createAgentPool	{"agentpool": "wsd27a2b1c8"}
2024-11-14T00:28:13.125Z	ERROR	controller	Reconciler error	{"controller": "machine.lifecycle", "controllerGroup": "karpenter.sh", "controllerKind": "Machine", "Machine": {"name":"wsd27a2b1c8"}, "namespace": "", "name": "wsd27a2b1c8", "reconcileID": "c655f87c-d976-43fb-8ecf-be6923008484", "error": "creating machine, creating instance, agentPool.BeginCreateOrUpdate for \"wsd27a2b1c8\" failed: PUT https://management.azure.com/subscriptions/ff05f55d-22b5-44a7-b704-f9a8efd493ed/resourceGroups/qzhuang-dev/providers/Microsoft.ContainerService/managedClusters/qzhuang-kaito/agentPools/wsd27a2b1c8\n--------------------------------------------------------------------------------\nRESPONSE 409: 409 Conflict\nERROR CODE: OperationNotAllowed\n--------------------------------------------------------------------------------\n{\n  \"code\": \"OperationNotAllowed\",\n  \"details\": null,\n  \"message\": \"Operation is not allowed because there's an in progress create node pool operation (operation ID: 364532fa-8d9f-420f-870e-c9900365b0ef) on the agent pool wsd27a2b1c8 started on UTC 2024-11-14T00:22:53Z. Please wait for it to finish before starting a new operation. You can also use 'az aks nodepool operation-abort ...' to abort the ongoing operation.\",\n  \"subcode\": \"\"\n}\n--------------------------------------------------------------------------------\n"}
2024-11-14T00:28:35.749Z	INFO	controller	Create	{"machine": {"name":"wsd27a2b1c8"}}
2024-11-14T00:28:35.750Z	INFO	controller	Instance.Create	{"machine": {"name":"wsd27a2b1c8"}}
2024-11-14T00:28:35.750Z	DEBUG	controller.machine.lifecycle	creating Agent pool wsd27a2b1c8 (Standard_NC6s_v3)	{"machine": "wsd27a2b1c8", "provisioner": "default"}
2024-11-14T00:28:35.750Z	INFO	controller	createAgentPool	{"agentpool": "wsd27a2b1c8"}
2024-11-14T00:28:36.343Z	ERROR	controller	Reconciler error	{"controller": "machine.lifecycle", "controllerGroup": "karpenter.sh", "controllerKind": "Machine", "Machine": {"name":"wsd27a2b1c8"}, "namespace": "", "name": "wsd27a2b1c8", "reconcileID": "13430358-0e50-4cd9-a430-102cbb8b6677", "error": "creating machine, creating instance, agentPool.BeginCreateOrUpdate for \"wsd27a2b1c8\" failed: PUT https://management.azure.com/subscriptions/ff05f55d-22b5-44a7-b704-f9a8efd493ed/resourceGroups/qzhuang-dev/providers/Microsoft.ContainerService/managedClusters/qzhuang-kaito/agentPools/wsd27a2b1c8\n--------------------------------------------------------------------------------\nRESPONSE 409: 409 Conflict\nERROR CODE: OperationNotAllowed\n--------------------------------------------------------------------------------\n{\n  \"code\": \"OperationNotAllowed\",\n  \"details\": null,\n  \"message\": \"Operation is not allowed because there's an in progress create node pool operation (operation ID: 364532fa-8d9f-420f-870e-c9900365b0ef) on the agent pool wsd27a2b1c8 started on UTC 2024-11-14T00:22:53Z. Please wait for it to finish before starting a new operation. You can also use 'az aks nodepool operation-abort ...' to abort the ongoing operation.\",\n  \"subcode\": \"\"\n}\n--------------------------------------------------------------------------------\n"}
2024-11-14T00:28:36.344Z	INFO	controller	Create	{"machine": {"name":"wsd27a2b1c8"}}
2024-11-14T00:28:36.344Z	INFO	controller	Instance.Create	{"machine": {"name":"wsd27a2b1c8"}}
2024-11-14T00:28:36.344Z	DEBUG	controller.machine.lifecycle	creating Agent pool wsd27a2b1c8 (Standard_NC6s_v3)	{"machine": "wsd27a2b1c8", "provisioner": "default"}
2024-11-14T00:28:36.344Z	INFO	controller	createAgentPool	{"agentpool": "wsd27a2b1c8"}
2024-11-14T00:28:36.565Z	ERROR	controller	Reconciler error	{"controller": "machine.lifecycle", "controllerGroup": "karpenter.sh", "controllerKind": "Machine", "Machine": {"name":"wsd27a2b1c8"}, "namespace": "", "name": "wsd27a2b1c8", "reconcileID": "6c1ee7e8-c556-4bc5-9e22-025e85d07cc6", "error": "creating machine, creating instance, agentPool.BeginCreateOrUpdate for \"wsd27a2b1c8\" failed: PUT https://management.azure.com/subscriptions/ff05f55d-22b5-44a7-b704-f9a8efd493ed/resourceGroups/qzhuang-dev/providers/Microsoft.ContainerService/managedClusters/qzhuang-kaito/agentPools/wsd27a2b1c8\n--------------------------------------------------------------------------------\nRESPONSE 409: 409 Conflict\nERROR CODE: OperationNotAllowed\n--------------------------------------------------------------------------------\n{\n  \"code\": \"OperationNotAllowed\",\n  \"details\": null,\n  \"message\": \"Operation is not allowed because there's an in progress create node pool operation (operation ID: 364532fa-8d9f-420f-870e-c9900365b0ef) on the agent pool wsd27a2b1c8 started on UTC 2024-11-14T00:22:53Z. Please wait for it to finish before starting a new operation. You can also use 'az aks nodepool operation-abort ...' to abort the ongoing operation.\",\n  \"subcode\": \"\"\n}\n--------------------------------------------------------------------------------\n"}
2024-11-14T00:28:36.722Z	INFO	controller	Create	{"machine": {"name":"wsd27a2b1c8"}}
2024-11-14T00:28:36.722Z	INFO	controller	Instance.Create	{"machine": {"name":"wsd27a2b1c8"}}
2024-11-14T00:28:36.722Z	DEBUG	controller.machine.lifecycle	creating Agent pool wsd27a2b1c8 (Standard_NC6s_v3)	{"machine": "wsd27a2b1c8", "provisioner": "default"}
2024-11-14T00:28:36.722Z	INFO	controller	createAgentPool	{"agentpool": "wsd27a2b1c8"}
2024-11-14T00:28:36.967Z	ERROR	controller	Reconciler error	{"controller": "machine.lifecycle", "controllerGroup": "karpenter.sh", "controllerKind": "Machine", "Machine": {"name":"wsd27a2b1c8"}, "namespace": "", "name": "wsd27a2b1c8", "reconcileID": "c5b6dff1-c1ec-457d-9164-ccf1817c5ad1", "error": "creating machine, creating instance, agentPool.BeginCreateOrUpdate for \"wsd27a2b1c8\" failed: PUT https://management.azure.com/subscriptions/ff05f55d-22b5-44a7-b704-f9a8efd493ed/resourceGroups/qzhuang-dev/providers/Microsoft.ContainerService/managedClusters/qzhuang-kaito/agentPools/wsd27a2b1c8\n--------------------------------------------------------------------------------\nRESPONSE 409: 409 Conflict\nERROR CODE: OperationNotAllowed\n--------------------------------------------------------------------------------\n{\n  \"code\": \"OperationNotAllowed\",\n  \"details\": null,\n  \"message\": \"Operation is not allowed because there's an in progress create node pool operation (operation ID: 364532fa-8d9f-420f-870e-c9900365b0ef) on the agent pool wsd27a2b1c8 started on UTC 2024-11-14T00:22:53Z. Please wait for it to finish before starting a new operation. You can also use 'az aks nodepool operation-abort ...' to abort the ongoing operation.\",\n  \"subcode\": \"\"\n}\n--------------------------------------------------------------------------------\n"}
2024-11-14T00:28:36.968Z	INFO	controller	Create	{"machine": {"name":"wsd27a2b1c8"}}
2024-11-14T00:28:36.968Z	INFO	controller	Instance.Create	{"machine": {"name":"wsd27a2b1c8"}}
2024-11-14T00:28:36.968Z	DEBUG	controller.machine.lifecycle	creating Agent pool wsd27a2b1c8 (Standard_NC6s_v3)	{"machine": "wsd27a2b1c8", "provisioner": "default"}
2024-11-14T00:28:36.968Z	INFO	controller	createAgentPool	{"agentpool": "wsd27a2b1c8"}
2024-11-14T00:28:37.223Z	ERROR	controller	Reconciler error	{"controller": "machine.lifecycle", "controllerGroup": "karpenter.sh", "controllerKind": "Machine", "Machine": {"name":"wsd27a2b1c8"}, "namespace": "", "name": "wsd27a2b1c8", "reconcileID": "eb179a3b-0b69-4f39-9a8a-882cffa007f0", "error": "creating machine, creating instance, agentPool.BeginCreateOrUpdate for \"wsd27a2b1c8\" failed: PUT https://management.azure.com/subscriptions/ff05f55d-22b5-44a7-b704-f9a8efd493ed/resourceGroups/qzhuang-dev/providers/Microsoft.ContainerService/managedClusters/qzhuang-kaito/agentPools/wsd27a2b1c8\n--------------------------------------------------------------------------------\nRESPONSE 409: 409 Conflict\nERROR CODE: OperationNotAllowed\n--------------------------------------------------------------------------------\n{\n  \"code\": \"OperationNotAllowed\",\n  \"details\": null,\n  \"message\": \"Operation is not allowed because there's an in progress create node pool operation (operation ID: 364532fa-8d9f-420f-870e-c9900365b0ef) on the agent pool wsd27a2b1c8 started on UTC 2024-11-14T00:22:53Z. Please wait for it to finish before starting a new operation. You can also use 'az aks nodepool operation-abort ...' to abort the ongoing operation.\",\n  \"subcode\": \"\"\n}\n--------------------------------------------------------------------------------\n"}
2024-11-14T00:28:51.862Z	INFO	controller	Create	{"machine": {"name":"wsd27a2b1c8"}}
2024-11-14T00:28:51.862Z	INFO	controller	Instance.Create	{"machine": {"name":"wsd27a2b1c8"}}
2024-11-14T00:28:51.862Z	DEBUG	controller.machine.lifecycle	creating Agent pool wsd27a2b1c8 (Standard_NC6s_v3)	{"machine": "wsd27a2b1c8", "provisioner": "default"}
2024-11-14T00:28:51.862Z	INFO	controller	createAgentPool	{"agentpool": "wsd27a2b1c8"}
2024-11-14T00:28:52.090Z	ERROR	controller	Reconciler error	{"controller": "machine.lifecycle", "controllerGroup": "karpenter.sh", "controllerKind": "Machine", "Machine": {"name":"wsd27a2b1c8"}, "namespace": "", "name": "wsd27a2b1c8", "reconcileID": "f9a27c6b-33ab-4a41-a4f5-a820f13e6cf5", "error": "creating machine, creating instance, agentPool.BeginCreateOrUpdate for \"wsd27a2b1c8\" failed: PUT https://management.azure.com/subscriptions/ff05f55d-22b5-44a7-b704-f9a8efd493ed/resourceGroups/qzhuang-dev/providers/Microsoft.ContainerService/managedClusters/qzhuang-kaito/agentPools/wsd27a2b1c8\n--------------------------------------------------------------------------------\nRESPONSE 409: 409 Conflict\nERROR CODE: OperationNotAllowed\n--------------------------------------------------------------------------------\n{\n  \"code\": \"OperationNotAllowed\",\n  \"details\": null,\n  \"message\": \"Operation is not allowed because there's an in progress create node pool operation (operation ID: 364532fa-8d9f-420f-870e-c9900365b0ef) on the agent pool wsd27a2b1c8 started on UTC 2024-11-14T00:22:53Z. Please wait for it to finish before starting a new operation. You can also use 'az aks nodepool operation-abort ...' to abort the ongoing operation.\",\n  \"subcode\": \"\"\n}\n--------------------------------------------------------------------------------\n"}
2024-11-14T00:28:52.091Z	INFO	controller	Create	{"machine": {"name":"wsd27a2b1c8"}}
2024-11-14T00:28:52.091Z	INFO	controller	Instance.Create	{"machine": {"name":"wsd27a2b1c8"}}
2024-11-14T00:28:52.091Z	DEBUG	controller.machine.lifecycle	creating Agent pool wsd27a2b1c8 (Standard_NC6s_v3)	{"machine": "wsd27a2b1c8", "provisioner": "default"}
2024-11-14T00:28:52.091Z	INFO	controller	createAgentPool	{"agentpool": "wsd27a2b1c8"}
2024-11-14T00:28:52.543Z	ERROR	controller	Reconciler error	{"controller": "machine.lifecycle", "controllerGroup": "karpenter.sh", "controllerKind": "Machine", "Machine": {"name":"wsd27a2b1c8"}, "namespace": "", "name": "wsd27a2b1c8", "reconcileID": "34adc555-5009-4847-a87b-35ad471a5394", "error": "creating machine, creating instance, agentPool.BeginCreateOrUpdate for \"wsd27a2b1c8\" failed: PUT https://management.azure.com/subscriptions/ff05f55d-22b5-44a7-b704-f9a8efd493ed/resourceGroups/qzhuang-dev/providers/Microsoft.ContainerService/managedClusters/qzhuang-kaito/agentPools/wsd27a2b1c8\n--------------------------------------------------------------------------------\nRESPONSE 409: 409 Conflict\nERROR CODE: OperationNotAllowed\n--------------------------------------------------------------------------------\n{\n  \"code\": \"OperationNotAllowed\",\n  \"details\": null,\n  \"message\": \"Operation is not allowed because there's an in progress create node pool operation (operation ID: 364532fa-8d9f-420f-870e-c9900365b0ef) on the agent pool wsd27a2b1c8 started on UTC 2024-11-14T00:22:53Z. Please wait for it to finish before starting a new operation. You can also use 'az aks nodepool operation-abort ...' to abort the ongoing operation.\",\n  \"subcode\": \"\"\n}\n--------------------------------------------------------------------------------\n"}
2024-11-14T00:29:13.126Z	INFO	controller	Create	{"machine": {"name":"wsd27a2b1c8"}}
2024-11-14T00:29:13.126Z	INFO	controller	Instance.Create	{"machine": {"name":"wsd27a2b1c8"}}
2024-11-14T00:29:13.126Z	DEBUG	controller.machine.lifecycle	creating Agent pool wsd27a2b1c8 (Standard_NC6s_v3)	{"machine": "wsd27a2b1c8", "provisioner": "default"}
2024-11-14T00:29:13.126Z	INFO	controller	createAgentPool	{"agentpool": "wsd27a2b1c8"}
2024-11-14T00:29:13.471Z	ERROR	controller	Reconciler error	{"controller": "machine.lifecycle", "controllerGroup": "karpenter.sh", "controllerKind": "Machine", "Machine": {"name":"wsd27a2b1c8"}, "namespace": "", "name": "wsd27a2b1c8", "reconcileID": "7095c97d-a013-4484-93a2-b10a0cb1d26c", "error": "creating machine, creating instance, agentPool.BeginCreateOrUpdate for \"wsd27a2b1c8\" failed: PUT https://management.azure.com/subscriptions/ff05f55d-22b5-44a7-b704-f9a8efd493ed/resourceGroups/qzhuang-dev/providers/Microsoft.ContainerService/managedClusters/qzhuang-kaito/agentPools/wsd27a2b1c8\n--------------------------------------------------------------------------------\nRESPONSE 409: 409 Conflict\nERROR CODE: OperationNotAllowed\n--------------------------------------------------------------------------------\n{\n  \"code\": \"OperationNotAllowed\",\n  \"details\": null,\n  \"message\": \"Operation is not allowed because there's an in progress create node pool operation (operation ID: 364532fa-8d9f-420f-870e-c9900365b0ef) on the agent pool wsd27a2b1c8 started on UTC 2024-11-14T00:22:53Z. Please wait for it to finish before starting a new operation. You can also use 'az aks nodepool operation-abort ...' to abort the ongoing operation.\",\n  \"subcode\": \"\"\n}\n--------------------------------------------------------------------------------\n"}
2024-11-14T00:30:13.472Z	INFO	controller	Create	{"machine": {"name":"wsd27a2b1c8"}}
2024-11-14T00:30:13.472Z	INFO	controller	Instance.Create	{"machine": {"name":"wsd27a2b1c8"}}
2024-11-14T00:30:13.473Z	DEBUG	controller.machine.lifecycle	creating Agent pool wsd27a2b1c8 (Standard_NC6s_v3)	{"machine": "wsd27a2b1c8", "provisioner": "default"}
2024-11-14T00:30:13.473Z	INFO	controller	createAgentPool	{"agentpool": "wsd27a2b1c8"}
2024-11-14T00:30:51.295Z	DEBUG	controller.machine.lifecycle	created agent pool /subscriptions/ff05f55d-22b5-44a7-b704-f9a8efd493ed/resourcegroups/qzhuang-dev/providers/Microsoft.ContainerService/managedClusters/qzhuang-kaito/agentPools/wsd27a2b1c8	{"machine": "wsd27a2b1c8", "provisioner": "default"}
2024-11-14T00:30:51.295Z	INFO	controller.machine.lifecycle	launched machine	{"machine": "wsd27a2b1c8", "provisioner": "default", "provider-id": "azure:///subscriptions/ff05f55d-22b5-44a7-b704-f9a8efd493ed/resourceGroups/mc_qzhuang-dev_qzhuang-kaito_eastus/providers/Microsoft.Compute/virtualMachineScaleSets/aks-wsd27a2b1c8-15387017-vmss/virtualMachines/0", "instance-type": "", "zone": "", "capacity-type": "", "allocatable": null}
2024-11-14T00:30:51.337Z	DEBUG	controller.machine.lifecycle	registered machine	{"machine": "wsd27a2b1c8", "provisioner": "default", "provider-id": "azure:///subscriptions/ff05f55d-22b5-44a7-b704-f9a8efd493ed/resourceGroups/mc_qzhuang-dev_qzhuang-kaito_eastus/providers/Microsoft.Compute/virtualMachineScaleSets/aks-wsd27a2b1c8-15387017-vmss/virtualMachines/0", "node": "aks-wsd27a2b1c8-15387017-vmss000000"}
2024-11-14T00:30:51.357Z	DEBUG	controller.machine.lifecycle	initialized machine	{"machine": "wsd27a2b1c8", "provisioner": "default", "provider-id": "azure:///subscriptions/ff05f55d-22b5-44a7-b704-f9a8efd493ed/resourceGroups/mc_qzhuang-dev_qzhuang-kaito_eastus/providers/Microsoft.Compute/virtualMachineScaleSets/aks-wsd27a2b1c8-15387017-vmss/virtualMachines/0", "node": "aks-wsd27a2b1c8-15387017-vmss000000"}
2024-11-14T00:31:06.410Z	DEBUG	controller.machine.garbagecollection	Update heartbeat for 1 out of 1 machines
2024-11-14T00:33:07.468Z	DEBUG	controller.machine.garbagecollection	Update heartbeat for 1 out of 1 machines
2024-11-14T00:35:09.217Z	DEBUG	controller.machine.garbagecollection	Update heartbeat for 1 out of 1 machines
2024-11-14T00:37:09.906Z	DEBUG	controller.machine.garbagecollection	Update heartbeat for 1 out of 1 machines
2024-11-14T00:39:10.678Z	DEBUG	controller.machine.garbagecollection	Update heartbeat for 1 out of 1 machines
2024-11-14T00:41:11.963Z	DEBUG	controller.machine.garbagecollection	Update heartbeat for 1 out of 1 machines
2024-11-14T00:43:12.699Z	DEBUG	controller.machine.garbagecollection	Update heartbeat for 1 out of 1 machines
2024-11-14T00:45:15.728Z	DEBUG	controller.machine.garbagecollection	Update heartbeat for 1 out of 1 machines
2024-11-14T00:47:19.053Z	DEBUG	controller.machine.garbagecollection	Update heartbeat for 1 out of 1 machines
2024-11-14T00:49:19.652Z	DEBUG	controller.machine.garbagecollection	Update heartbeat for 1 out of 1 machines
2024-11-14T00:51:20.362Z	DEBUG	controller.machine.garbagecollection	Update heartbeat for 1 out of 1 machines
2024-11-14T00:53:20.903Z	DEBUG	controller.machine.garbagecollection	Update heartbeat for 1 out of 1 machines
2024-11-14T00:55:23.424Z	DEBUG	controller.machine.garbagecollection	Update heartbeat for 1 out of 1 machines
2024-11-14T00:57:24.873Z	DEBUG	controller.machine.garbagecollection	Update heartbeat for 1 out of 1 machines
2024-11-14T00:59:25.595Z	DEBUG	controller.machine.garbagecollection	Update heartbeat for 1 out of 1 machines
2024-11-14T00:59:39.197Z	INFO	controller	Create	{"machine": {"name":"ws9074efa38"}}
2024-11-14T00:59:39.197Z	INFO	controller	Instance.Create	{"machine": {"name":"ws9074efa38"}}
2024-11-14T00:59:39.197Z	DEBUG	controller.machine.lifecycle	creating Agent pool ws9074efa38 (Standard_NC12s_v3)	{"machine": "ws9074efa38", "provisioner": "default"}
2024-11-14T00:59:39.197Z	INFO	controller	createAgentPool	{"agentpool": "ws9074efa38"}
2024-11-14T01:01:27.084Z	DEBUG	controller.machine.garbagecollection	Update heartbeat for 1 out of 1 machines
2024-11-14T01:03:27.711Z	DEBUG	controller.machine.garbagecollection	Update heartbeat for 1 out of 1 machines
2024-11-14T01:03:48.943Z	DEBUG	controller.machine.lifecycle	created agent pool /subscriptions/ff05f55d-22b5-44a7-b704-f9a8efd493ed/resourcegroups/qzhuang-dev/providers/Microsoft.ContainerService/managedClusters/qzhuang-kaito/agentPools/ws9074efa38	{"machine": "ws9074efa38", "provisioner": "default"}
2024-11-14T01:03:48.943Z	INFO	controller.machine.lifecycle	launched machine	{"machine": "ws9074efa38", "provisioner": "default", "provider-id": "azure:///subscriptions/ff05f55d-22b5-44a7-b704-f9a8efd493ed/resourceGroups/mc_qzhuang-dev_qzhuang-kaito_eastus/providers/Microsoft.Compute/virtualMachineScaleSets/aks-ws9074efa38-24990239-vmss/virtualMachines/0", "instance-type": "", "zone": "", "capacity-type": "", "allocatable": null}
2024-11-14T01:03:48.960Z	DEBUG	controller.machine.lifecycle	registered machine	{"machine": "ws9074efa38", "provisioner": "default", "provider-id": "azure:///subscriptions/ff05f55d-22b5-44a7-b704-f9a8efd493ed/resourceGroups/mc_qzhuang-dev_qzhuang-kaito_eastus/providers/Microsoft.Compute/virtualMachineScaleSets/aks-ws9074efa38-24990239-vmss/virtualMachines/0", "node": "aks-ws9074efa38-24990239-vmss000000"}
2024-11-14T01:03:48.995Z	DEBUG	controller.machine.lifecycle	initialized machine	{"machine": "ws9074efa38", "provisioner": "default", "provider-id": "azure:///subscriptions/ff05f55d-22b5-44a7-b704-f9a8efd493ed/resourceGroups/mc_qzhuang-dev_qzhuang-kaito_eastus/providers/Microsoft.Compute/virtualMachineScaleSets/aks-ws9074efa38-24990239-vmss/virtualMachines/0", "node": "aks-ws9074efa38-24990239-vmss000000"}
2024-11-14T01:05:28.436Z	DEBUG	controller.machine.garbagecollection	Update heartbeat for 2 out of 2 machines
2024-11-14T01:07:29.209Z	DEBUG	controller.machine.garbagecollection	Update heartbeat for 2 out of 2 machines
2024-11-14T01:09:29.922Z	DEBUG	controller.machine.garbagecollection	Update heartbeat for 2 out of 2 machines
2024-11-14T01:11:30.635Z	DEBUG	controller.machine.garbagecollection	Update heartbeat for 2 out of 2 machines
2024-11-14T01:13:34.622Z	DEBUG	controller.machine.garbagecollection	Update heartbeat for 2 out of 2 machines
2024-11-14T01:15:35.720Z	DEBUG	controller.machine.garbagecollection	Update heartbeat for 2 out of 2 machines
2024-11-14T01:17:36.626Z	DEBUG	controller.machine.garbagecollection	Update heartbeat for 2 out of 2 machines
2024-11-14T01:19:37.419Z	DEBUG	controller.machine.garbagecollection	Update heartbeat for 2 out of 2 machines
2024-11-14T01:21:38.111Z	DEBUG	controller.machine.garbagecollection	Update heartbeat for 2 out of 2 machines
2024-11-14T01:23:38.728Z	DEBUG	controller.machine.garbagecollection	Update heartbeat for 2 out of 2 machines
2024-11-14T01:25:39.268Z	DEBUG	controller.machine.garbagecollection	Update heartbeat for 2 out of 2 machines
2024-11-14T01:27:40.168Z	DEBUG	controller.machine.garbagecollection	Update heartbeat for 2 out of 2 machines
2024-11-14T01:29:42.345Z	DEBUG	controller.machine.garbagecollection	Update heartbeat for 2 out of 2 machines
2024-11-14T01:31:43.257Z	DEBUG	controller.machine.garbagecollection	Update heartbeat for 2 out of 2 machines
2024-11-14T01:33:43.949Z	DEBUG	controller.machine.garbagecollection	Update heartbeat for 2 out of 2 machines
2024-11-14T01:35:44.617Z	DEBUG	controller.machine.garbagecollection	Update heartbeat for 2 out of 2 machines
2024-11-14T01:37:45.255Z	DEBUG	controller.machine.garbagecollection	Update heartbeat for 2 out of 2 machines
2024-11-14T01:39:45.931Z	DEBUG	controller.machine.garbagecollection	Update heartbeat for 2 out of 2 machines
2024-11-14T01:41:55.322Z	DEBUG	controller.machine.garbagecollection	Update heartbeat for 2 out of 2 machines
2024-11-14T01:43:55.859Z	DEBUG	controller.machine.garbagecollection	Update heartbeat for 2 out of 2 machines
2024-11-14T01:45:56.564Z	DEBUG	controller.machine.garbagecollection	Update heartbeat for 2 out of 2 machines
2024-11-14T01:47:57.129Z	DEBUG	controller.machine.garbagecollection	Update heartbeat for 2 out of 2 machines
2024-11-14T01:49:57.801Z	DEBUG	controller.machine.garbagecollection	Update heartbeat for 2 out of 2 machines
2024-11-14T01:51:58.493Z	DEBUG	controller.machine.garbagecollection	Update heartbeat for 2 out of 2 machines
2024-11-14T01:53:59.051Z	DEBUG	controller.machine.garbagecollection	Update heartbeat for 2 out of 2 machines
2024-11-14T01:55:59.911Z	DEBUG	controller.machine.garbagecollection	Update heartbeat for 2 out of 2 machines
2024-11-14T01:58:00.490Z	DEBUG	controller.machine.garbagecollection	Update heartbeat for 2 out of 2 machines
2024-11-14T02:00:01.193Z	DEBUG	controller.machine.garbagecollection	Update heartbeat for 2 out of 2 machines
2024-11-14T02:02:02.255Z	DEBUG	controller.machine.garbagecollection	Update heartbeat for 2 out of 2 machines
2024-11-14T02:04:03.876Z	DEBUG	controller.machine.garbagecollection	Update heartbeat for 2 out of 2 machines
2024-11-14T02:06:04.617Z	DEBUG	controller.machine.garbagecollection	Update heartbeat for 2 out of 2 machines
2024-11-14T02:08:05.356Z	DEBUG	controller.machine.garbagecollection	Update heartbeat for 2 out of 2 machines
2024-11-14T02:10:06.328Z	DEBUG	controller.machine.garbagecollection	Update heartbeat for 2 out of 2 machines
2024-11-14T02:12:07.217Z	DEBUG	controller.machine.garbagecollection	Update heartbeat for 2 out of 2 machines
2024-11-14T02:14:07.874Z	DEBUG	controller.machine.garbagecollection	Update heartbeat for 2 out of 2 machines
2024-11-14T02:16:08.543Z	DEBUG	controller.machine.garbagecollection	Update heartbeat for 2 out of 2 machines
2024-11-14T02:18:09.116Z	DEBUG	controller.machine.garbagecollection	Update heartbeat for 2 out of 2 machines
2024-11-14T02:20:09.880Z	DEBUG	controller.machine.garbagecollection	Update heartbeat for 2 out of 2 machines
2024-11-14T02:22:10.573Z	DEBUG	controller.machine.garbagecollection	Update heartbeat for 2 out of 2 machines
2024-11-14T02:24:11.547Z	DEBUG	controller.machine.garbagecollection	Update heartbeat for 2 out of 2 machines
2024-11-14T02:26:12.316Z	DEBUG	controller.machine.garbagecollection	Update heartbeat for 2 out of 2 machines
2024-11-14T02:28:13.029Z	DEBUG	controller.machine.garbagecollection	Update heartbeat for 2 out of 2 machines
2024-11-14T02:30:13.795Z	DEBUG	controller.machine.garbagecollection	Update heartbeat for 2 out of 2 machines
2024-11-14T02:32:15.772Z	DEBUG	controller.machine.garbagecollection	Update heartbeat for 2 out of 2 machines
2024-11-14T02:34:16.431Z	DEBUG	controller.machine.garbagecollection	Update heartbeat for 2 out of 2 machines
2024-11-14T02:36:17.181Z	DEBUG	controller.machine.garbagecollection	Update heartbeat for 2 out of 2 machines
2024-11-14T02:38:19.230Z	DEBUG	controller.machine.garbagecollection	Update heartbeat for 2 out of 2 machines
2024-11-14T02:40:19.766Z	DEBUG	controller.machine.garbagecollection	Update heartbeat for 2 out of 2 machines
2024-11-14T02:42:20.736Z	DEBUG	controller.machine.garbagecollection	Update heartbeat for 2 out of 2 machines
2024-11-14T02:44:21.422Z	DEBUG	controller.machine.garbagecollection	Update heartbeat for 2 out of 2 machines
2024-11-14T02:46:22.004Z	DEBUG	controller.machine.garbagecollection	Update heartbeat for 2 out of 2 machines
2024-11-14T02:48:22.679Z	DEBUG	controller.machine.garbagecollection	Update heartbeat for 2 out of 2 machines
2024-11-14T02:50:23.212Z	DEBUG	controller.machine.garbagecollection	Update heartbeat for 2 out of 2 machines
2024-11-14T02:52:23.888Z	DEBUG	controller.machine.garbagecollection	Update heartbeat for 2 out of 2 machines
2024-11-14T02:54:24.510Z	DEBUG	controller.machine.garbagecollection	Update heartbeat for 2 out of 2 machines
2024-11-14T02:56:25.072Z	DEBUG	controller.machine.garbagecollection	Update heartbeat for 2 out of 2 machines
2024-11-14T02:58:25.656Z	DEBUG	controller.machine.garbagecollection	Update heartbeat for 2 out of 2 machines
2024-11-14T03:00:26.308Z	DEBUG	controller.machine.garbagecollection	Update heartbeat for 2 out of 2 machines
2024-11-14T03:02:26.882Z	DEBUG	controller.machine.garbagecollection	Update heartbeat for 2 out of 2 machines
2024-11-14T03:04:27.979Z	DEBUG	controller.machine.garbagecollection	Update heartbeat for 2 out of 2 machines
2024-11-14T03:06:28.754Z	DEBUG	controller.machine.garbagecollection	Update heartbeat for 2 out of 2 machines
2024-11-14T03:08:29.546Z	DEBUG	controller.machine.garbagecollection	Update heartbeat for 2 out of 2 machines
2024-11-14T03:10:30.226Z	DEBUG	controller.machine.garbagecollection	Update heartbeat for 2 out of 2 machines
2024-11-14T03:12:30.979Z	DEBUG	controller.machine.garbagecollection	Update heartbeat for 2 out of 2 machines
2024-11-14T03:14:31.591Z	DEBUG	controller.machine.garbagecollection	Update heartbeat for 2 out of 2 machines
2024-11-14T03:16:32.337Z	DEBUG	controller.machine.garbagecollection	Update heartbeat for 2 out of 2 machines
2024-11-14T03:18:33.006Z	DEBUG	controller.machine.garbagecollection	Update heartbeat for 2 out of 2 machines
2024-11-14T03:20:33.728Z	DEBUG	controller.machine.garbagecollection	Update heartbeat for 2 out of 2 machines
2024-11-14T03:22:34.369Z	DEBUG	controller.machine.garbagecollection	Update heartbeat for 2 out of 2 machines
2024-11-14T03:24:35.011Z	DEBUG	controller.machine.garbagecollection	Update heartbeat for 2 out of 2 machines
2024-11-14T03:26:35.967Z	DEBUG	controller.machine.garbagecollection	Update heartbeat for 2 out of 2 machines
2024-11-14T03:28:36.591Z	DEBUG	controller.machine.garbagecollection	Update heartbeat for 2 out of 2 machines
2024-11-14T03:30:41.085Z	DEBUG	controller.machine.garbagecollection	Update heartbeat for 2 out of 2 machines
2024-11-14T03:32:41.682Z	DEBUG	controller.machine.garbagecollection	Update heartbeat for 2 out of 2 machines
2024-11-14T03:34:42.179Z	DEBUG	controller.machine.garbagecollection	Update heartbeat for 2 out of 2 machines
2024-11-14T03:36:42.814Z	DEBUG	controller.machine.garbagecollection	Update heartbeat for 2 out of 2 machines
2024-11-14T03:38:43.433Z	DEBUG	controller.machine.garbagecollection	Update heartbeat for 2 out of 2 machines
2024-11-14T03:40:44.014Z	DEBUG	controller.machine.garbagecollection	Update heartbeat for 2 out of 2 machines
2024-11-14T03:42:44.691Z	DEBUG	controller.machine.garbagecollection	Update heartbeat for 2 out of 2 machines
2024-11-14T03:44:45.286Z	DEBUG	controller.machine.garbagecollection	Update heartbeat for 2 out of 2 machines
2024-11-14T03:46:46.003Z	DEBUG	controller.machine.garbagecollection	Update heartbeat for 2 out of 2 machines
2024-11-14T03:48:46.573Z	DEBUG	controller.machine.garbagecollection	Update heartbeat for 2 out of 2 machines
2024-11-14T03:50:47.128Z	DEBUG	controller.machine.garbagecollection	Update heartbeat for 2 out of 2 machines
2024-11-14T03:52:47.716Z	DEBUG	controller.machine.garbagecollection	Update heartbeat for 2 out of 2 machines
2024-11-14T03:54:48.410Z	DEBUG	controller.machine.garbagecollection	Update heartbeat for 2 out of 2 machines
2024-11-14T03:56:49.088Z	DEBUG	controller.machine.garbagecollection	Update heartbeat for 2 out of 2 machines
2024-11-14T03:58:49.838Z	DEBUG	controller.machine.garbagecollection	Update heartbeat for 2 out of 2 machines
2024-11-14T04:00:50.513Z	DEBUG	controller.machine.garbagecollection	Update heartbeat for 2 out of 2 machines
2024-11-14T04:02:51.250Z	DEBUG	controller.machine.garbagecollection	Update heartbeat for 2 out of 2 machines
2024-11-14T04:04:51.937Z	DEBUG	controller.machine.garbagecollection	Update heartbeat for 2 out of 2 machines
2024-11-14T04:06:52.669Z	DEBUG	controller.machine.garbagecollection	Update heartbeat for 2 out of 2 machines
